1618935283398	mozrunner::runner	INFO	Running command: "C:\\Program Files\\Mozilla Firefox\\firefox.exe" "-marionette" "-foreground" "-no-remote" "-profile" "C:\\Users\\airbox\\AppData\\Local\\Temp\\rust_mozprofileKGuvtY"
JavaScript error: resource://gre/modules/XULStore.jsm, line 66: Error: Can't find profile directory.
console.warn: SearchSettings: "get: No settings file exists, new profile?" (new Error("", "(unknown module)"))
1618935290091	Marionette	INFO	Listening on port 64748
1618935290427	Marionette	WARN	TLS certificate errors will be ignored for this session
JavaScript warning: https://web.whatsapp.com/bootstrap_qr.b331bf4e2ea119ffdd12.js, line 1: unreachable code after return statement
JavaScript warning: https://web.whatsapp.com/bootstrap_qr.b331bf4e2ea119ffdd12.js, line 1: unreachable code after return statement
1618935298493	Marionette	INFO	Stopped listening on port 64748

###!!! [Child][RunMessage] Error: Channel closing: too late to send/recv, messages will be lost

1618935333448	mozrunner::runner	INFO	Running command: "C:\\Program Files\\Mozilla Firefox\\firefox.exe" "-marionette" "-foreground" "-no-remote" "-profile" "C:\\Users\\airbox\\AppData\\Local\\Temp\\rust_mozprofile434gz2"
JavaScript error: resource://gre/modules/XULStore.jsm, line 66: Error: Can't find profile directory.
console.warn: SearchSettings: "get: No settings file exists, new profile?" (new Error("", "(unknown module)"))
1618935338417	Marionette	INFO	Listening on port 64806
1618935338800	Marionette	WARN	TLS certificate errors will be ignored for this session
JavaScript warning: https://web.whatsapp.com/bootstrap_qr.b331bf4e2ea119ffdd12.js, line 1: unreachable code after return statement
JavaScript warning: https://web.whatsapp.com/bootstrap_qr.b331bf4e2ea119ffdd12.js, line 1: unreachable code after return statement
1618935347613	Marionette	INFO	Stopped listening on port 64806

###!!! [Parent][RunMessage] Error: Channel closing: too late to send/recv, messages will be lost


###!!! [Child][RunMessage] Error: Channel closing: too late to send/recv, messages will be lost

1618935980751	mozrunner::runner	INFO	Running command: "C:\\Program Files\\Mozilla Firefox\\firefox.exe" "-marionette" "-foreground" "-no-remote" "-profile" "C:\\Users\\airbox\\AppData\\Local\\Temp\\rust_mozprofilegIdE19"
JavaScript error: resource://gre/modules/XULStore.jsm, line 66: Error: Can't find profile directory.
console.warn: SearchSettings: "get: No settings file exists, new profile?" (new Error("", "(unknown module)"))
1618935985518	Marionette	INFO	Listening on port 64967
1618935985576	Marionette	WARN	TLS certificate errors will be ignored for this session
JavaScript warning: https://web.whatsapp.com/bootstrap_qr.b331bf4e2ea119ffdd12.js, line 1: unreachable code after return statement
JavaScript warning: https://web.whatsapp.com/bootstrap_qr.b331bf4e2ea119ffdd12.js, line 1: unreachable code after return statement
1618936001512	Marionette	INFO	Stopped listening on port 64967

###!!! [Child][RunMessage] Error: Channel closing: too late to send/recv, messages will be lost

1618936011212	mozrunner::runner	INFO	Running command: "C:\\Program Files\\Mozilla Firefox\\firefox.exe" "-marionette" "-foreground" "-no-remote" "-profile" "C:\\Users\\airbox\\AppData\\Local\\Temp\\rust_mozprofilexiNykH"
JavaScript error: resource://gre/modules/XULStore.jsm, line 66: Error: Can't find profile directory.
console.warn: SearchSettings: "get: No settings file exists, new profile?" (new Error("", "(unknown module)"))
1618936015964	Marionette	INFO	Listening on port 65038
1618936016056	Marionette	WARN	TLS certificate errors will be ignored for this session
JavaScript warning: https://web.whatsapp.com/bootstrap_qr.b331bf4e2ea119ffdd12.js, line 1: unreachable code after return statement
JavaScript warning: https://web.whatsapp.com/bootstrap_qr.b331bf4e2ea119ffdd12.js, line 1: unreachable code after return statement
1618936042199	Marionette	INFO	Stopped listening on port 65038

###!!! [Child][RunMessage] Error: Channel closing: too late to send/recv, messages will be lost

1618936048648	mozrunner::runner	INFO	Running command: "C:\\Program Files\\Mozilla Firefox\\firefox.exe" "-marionette" "-foreground" "-no-remote" "-profile" "C:\\Users\\airbox\\AppData\\Local\\Temp\\rust_mozprofileU3P5Pl"
JavaScript error: resource://gre/modules/XULStore.jsm, line 66: Error: Can't find profile directory.
console.warn: SearchSettings: "get: No settings file exists, new profile?" (new Error("", "(unknown module)"))
1618936053638	Marionette	INFO	Listening on port 65119
1618936054013	Marionette	WARN	TLS certificate errors will be ignored for this session
JavaScript warning: https://web.whatsapp.com/bootstrap_qr.b331bf4e2ea119ffdd12.js, line 1: unreachable code after return statement
JavaScript warning: https://web.whatsapp.com/bootstrap_qr.b331bf4e2ea119ffdd12.js, line 1: unreachable code after return statement
1618936172969	Marionette	INFO	Stopped listening on port 65119

###!!! [Child][RunMessage] Error: Channel closing: too late to send/recv, messages will be lost

1618936221726	mozrunner::runner	INFO	Running command: "C:\\Program Files\\Mozilla Firefox\\firefox.exe" "-marionette" "-foreground" "-no-remote" "-profile" "C:\\Users\\airbox\\AppData\\Local\\Temp\\rust_mozprofile0waUxp"
JavaScript error: resource://gre/modules/XULStore.jsm, line 66: Error: Can't find profile directory.
console.warn: SearchSettings: "get: No settings file exists, new profile?" (new Error("", "(unknown module)"))
1618936226404	Marionette	INFO	Listening on port 65255
1618936226534	Marionette	WARN	TLS certificate errors will be ignored for this session
JavaScript warning: https://web.whatsapp.com/bootstrap_qr.b331bf4e2ea119ffdd12.js, line 1: unreachable code after return statement
JavaScript warning: https://web.whatsapp.com/bootstrap_qr.b331bf4e2ea119ffdd12.js, line 1: unreachable code after return statement
1618936254831	Marionette	INFO	Stopped listening on port 65255

###!!! [Child][RunMessage] Error: Channel closing: too late to send/recv, messages will be lost

1618937189226	mozrunner::runner	INFO	Running command: "C:\\Program Files\\Mozilla Firefox\\firefox.exe" "-marionette" "-foreground" "-no-remote" "-profile" "C:\\Users\\airbox\\AppData\\Local\\Temp\\rust_mozprofilesdRaIX"
JavaScript error: resource://gre/modules/XULStore.jsm, line 66: Error: Can't find profile directory.
console.warn: SearchSettings: "get: No settings file exists, new profile?" (new Error("", "(unknown module)"))
1618937194074	Marionette	INFO	Listening on port 65373
1618937194563	Marionette	WARN	TLS certificate errors will be ignored for this session
JavaScript warning: https://web.whatsapp.com/bootstrap_qr.b331bf4e2ea119ffdd12.js, line 1: unreachable code after return statement
JavaScript warning: https://web.whatsapp.com/bootstrap_qr.b331bf4e2ea119ffdd12.js, line 1: unreachable code after return statement
JavaScript warning: https://web.whatsapp.com/bootstrap_qr.b331bf4e2ea119ffdd12.js, line 1: unreachable code after return statement
JavaScript warning: https://web.whatsapp.com/bootstrap_qr.b331bf4e2ea119ffdd12.js, line 1: unreachable code after return statement
1618937239590	Marionette	INFO	Stopped listening on port 65373

###!!! [Child][RunMessage] Error: Channel closing: too late to send/recv, messages will be lost


###!!! [Child][RunMessage] Error: Channel closing: too late to send/recv, messages will be lost


###!!! [Child][RunMessage] Error: Channel closing: too late to send/recv, messages will be lost

1618937651570	mozrunner::runner	INFO	Running command: "C:\\Program Files\\Mozilla Firefox\\firefox.exe" "-marionette" "-foreground" "-no-remote" "-profile" "C:\\Users\\airbox\\AppData\\Local\\Temp\\rust_mozprofileir2XlC"
JavaScript error: resource://gre/modules/XULStore.jsm, line 66: Error: Can't find profile directory.
console.warn: SearchSettings: "get: No settings file exists, new profile?" (new Error("", "(unknown module)"))
1618937657182	Marionette	INFO	Listening on port 49205
1618937657443	Marionette	WARN	TLS certificate errors will be ignored for this session
JavaScript warning: https://web.whatsapp.com/bootstrap_qr.b331bf4e2ea119ffdd12.js, line 1: unreachable code after return statement
JavaScript warning: https://web.whatsapp.com/bootstrap_qr.b331bf4e2ea119ffdd12.js, line 1: unreachable code after return statement
JavaScript warning: https://web.whatsapp.com/bootstrap_qr.b331bf4e2ea119ffdd12.js, line 1: unreachable code after return statement
JavaScript warning: https://web.whatsapp.com/bootstrap_qr.b331bf4e2ea119ffdd12.js, line 1: unreachable code after return statement
1618937692184	Marionette	INFO	Stopped listening on port 49205

###!!! [Child][RunMessage] Error: Channel closing: too late to send/recv, messages will be lost

1618937816176	mozrunner::runner	INFO	Running command: "C:\\Program Files\\Mozilla Firefox\\firefox.exe" "-marionette" "-foreground" "-no-remote" "-profile" "C:\\Users\\airbox\\AppData\\Local\\Temp\\rust_mozprofile1Ijvcv"
JavaScript error: resource://gre/modules/XULStore.jsm, line 66: Error: Can't find profile directory.
console.warn: SearchSettings: "get: No settings file exists, new profile?" (new Error("", "(unknown module)"))
1618937820796	Marionette	INFO	Listening on port 49272
1618937821004	Marionette	WARN	TLS certificate errors will be ignored for this session
JavaScript warning: https://web.whatsapp.com/bootstrap_qr.b331bf4e2ea119ffdd12.js, line 1: unreachable code after return statement
JavaScript warning: https://web.whatsapp.com/bootstrap_qr.b331bf4e2ea119ffdd12.js, line 1: unreachable code after return statement
JavaScript warning: https://web.whatsapp.com/bootstrap_qr.b331bf4e2ea119ffdd12.js, line 1: unreachable code after return statement
JavaScript warning: https://web.whatsapp.com/bootstrap_qr.b331bf4e2ea119ffdd12.js, line 1: unreachable code after return statement
1618937857244	Marionette	INFO	Stopped listening on port 49272
[Parent 10256, IPC I/O Parent] WARNING: pipe error: 232: file /builds/worker/checkouts/gecko/ipc/chromium/src/chrome/common/ipc_channel_win.cc:544

###!!! [Child][RunMessage] Error: Channel closing: too late to send/recv, messages will be lost

1618937882898	mozrunner::runner	INFO	Running command: "C:\\Program Files\\Mozilla Firefox\\firefox.exe" "-marionette" "-foreground" "-no-remote" "-profile" "C:\\Users\\airbox\\AppData\\Local\\Temp\\rust_mozprofile8l0Hom"
JavaScript error: resource://gre/modules/XULStore.jsm, line 66: Error: Can't find profile directory.
console.warn: SearchSettings: "get: No settings file exists, new profile?" (new Error("", "(unknown module)"))
1618937888056	Marionette	INFO	Listening on port 49336
1618937888287	Marionette	WARN	TLS certificate errors will be ignored for this session
JavaScript warning: https://web.whatsapp.com/bootstrap_qr.b331bf4e2ea119ffdd12.js, line 1: unreachable code after return statement
JavaScript warning: https://web.whatsapp.com/bootstrap_qr.b331bf4e2ea119ffdd12.js, line 1: unreachable code after return statement
JavaScript warning: https://web.whatsapp.com/bootstrap_qr.b331bf4e2ea119ffdd12.js, line 1: unreachable code after return statement
JavaScript warning: https://web.whatsapp.com/bootstrap_qr.b331bf4e2ea119ffdd12.js, line 1: unreachable code after return statement
1618937921603	Marionette	INFO	Stopped listening on port 49336

###!!! [Child][RunMessage] Error: Channel closing: too late to send/recv, messages will be lost

1618937941080	mozrunner::runner	INFO	Running command: "C:\\Program Files\\Mozilla Firefox\\firefox.exe" "-marionette" "-foreground" "-no-remote" "-profile" "C:\\Users\\airbox\\AppData\\Local\\Temp\\rust_mozprofilecYuikg"
JavaScript error: resource://gre/modules/XULStore.jsm, line 66: Error: Can't find profile directory.
console.warn: SearchSettings: "get: No settings file exists, new profile?" (new Error("", "(unknown module)"))
1618937945815	Marionette	INFO	Listening on port 49401
1618937945932	Marionette	WARN	TLS certificate errors will be ignored for this session
JavaScript warning: https://web.whatsapp.com/bootstrap_qr.b331bf4e2ea119ffdd12.js, line 1: unreachable code after return statement
JavaScript warning: https://web.whatsapp.com/bootstrap_qr.b331bf4e2ea119ffdd12.js, line 1: unreachable code after return statement
JavaScript warning: https://web.whatsapp.com/bootstrap_qr.b331bf4e2ea119ffdd12.js, line 1: unreachable code after return statement
JavaScript warning: https://web.whatsapp.com/bootstrap_qr.b331bf4e2ea119ffdd12.js, line 1: unreachable code after return statement
1618937988635	mozrunner::runner	INFO	Running command: "C:\\Program Files\\Mozilla Firefox\\firefox.exe" "-marionette" "-foreground" "-no-remote" "-profile" "C:\\Users\\airbox\\AppData\\Local\\Temp\\rust_mozprofiledfitCv"
JavaScript error: resource://gre/modules/XULStore.jsm, line 66: Error: Can't find profile directory.
console.warn: SearchSettings: "get: No settings file exists, new profile?" (new Error("", "(unknown module)"))
1618937993563	Marionette	INFO	Listening on port 49469
1618937993931	Marionette	WARN	TLS certificate errors will be ignored for this session
JavaScript warning: https://web.whatsapp.com/bootstrap_qr.b331bf4e2ea119ffdd12.js, line 1: unreachable code after return statement
JavaScript warning: https://web.whatsapp.com/bootstrap_qr.b331bf4e2ea119ffdd12.js, line 1: unreachable code after return statement
JavaScript warning: https://web.whatsapp.com/bootstrap_qr.b331bf4e2ea119ffdd12.js, line 1: unreachable code after return statement
JavaScript warning: https://web.whatsapp.com/bootstrap_qr.b331bf4e2ea119ffdd12.js, line 1: unreachable code after return statement
1618938079058	Marionette	INFO	Stopped listening on port 49469

###!!! [Child][RunMessage] Error: Channel closing: too late to send/recv, messages will be lost

rs\\airbox\\AppData\\Local\\Temp\\rust_mozprofilemNjx0Z"
JavaScript error: resource://gre/modules/XULStore.jsm, line 66: Error: Can't find profile directory.
console.warn: SearchSettings: "get: No settings file exists, new profile?" (new Error("", "(unknown module)"))
1618938078082	Marionette	INFO	Listening on port 49532
1618938078551	Marionette	WARN	TLS certificate errors will be ignored for this session
JavaScript warning: https://web.whatsapp.com/bootstrap_qr.b331bf4e2ea119ffdd12.js, line 1: unreachable code after return statement
JavaScript warning: https://web.whatsapp.com/bootstrap_qr.b331bf4e2ea119ffdd12.js, line 1: unreachable code after return statement
JavaScript warning: https://web.whatsapp.com/bootstrap_qr.b331bf4e2ea119ffdd12.js, line 1: unreachable code after return statement
JavaScript warning: https://web.whatsapp.com/bootstrap_qr.b331bf4e2ea119ffdd12.js, line 1: unreachable code after return statement
1618938102457	Marionette	INFO	Stopped listening on port 49532

###!!! [Child][RunMessage] Error: Channel closing: too late to send/recv, messages will be lost

1618938132570	mozrunner::runner	INFO	Running command: "C:\\Program Files\\Mozilla Firefox\\firefox.exe" "-marionette" "-foreground" "-no-remote" "-profile" "C:\\Users\\airbox\\AppData\\Local\\Temp\\rust_mozprofileTx8nNB"
JavaScript error: resource://gre/modules/XULStore.jsm, line 66: Error: Can't find profile directory.
console.warn: SearchSettings: "get: No settings file exists, new profile?" (new Error("", "(unknown module)"))
1618938137526	Marionette	INFO	Listening on port 49599
1618938137894	Marionette	WARN	TLS certificate errors will be ignored for this session
JavaScript warning: https://web.whatsapp.com/bootstrap_qr.b331bf4e2ea119ffdd12.js, line 1: unreachable code after return statement
JavaScript warning: https://web.whatsapp.com/bootstrap_qr.b331bf4e2ea119ffdd12.js, line 1: unreachable code after return statement
JavaScript warning: https://web.whatsapp.com/bootstrap_qr.b331bf4e2ea119ffdd12.js, line 1: unreachable code after return statement
JavaScript warning: https://web.whatsapp.com/bootstrap_qr.b331bf4e2ea119ffdd12.js, line 1: unreachable code after return statement
1618938179311	Marionette	INFO	Stopped listening on port 49599

###!!! [Child][RunMessage] Error: Channel closing: too late to send/recv, messages will be lost

1618938223590	mozrunner::runner	INFO	Running command: "C:\\Program Files\\Mozilla Firefox\\firefox.exe" "-marionette" "-foreground" "-no-remote" "-profile" "C:\\Users\\airbox\\AppData\\Local\\Temp\\rust_mozprofileNm6k4u"
JavaScript error: resource://gre/modules/XULStore.jsm, line 66: Error: Can't find profile directory.
console.warn: SearchSettings: "get: No settings file exists, new profile?" (new Error("", "(unknown module)"))
1618938228643	Marionette	INFO	Listening on port 49674
1618938228936	Marionette	WARN	TLS certificate errors will be ignored for this session
JavaScript warning: https://web.whatsapp.com/bootstrap_qr.b331bf4e2ea119ffdd12.js, line 1: unreachable code after return statement
JavaScript warning: https://web.whatsapp.com/bootstrap_qr.b331bf4e2ea119ffdd12.js, line 1: unreachable code after return statement
JavaScript warning: https://web.whatsapp.com/bootstrap_qr.b331bf4e2ea119ffdd12.js, line 1: unreachable code after return statement
JavaScript warning: https://web.whatsapp.com/bootstrap_qr.b331bf4e2ea119ffdd12.js, line 1: unreachable code after return statement
1618938262423	Marionette	INFO	Stopped listening on port 49674

###!!! [Child][RunMessage] Error: Channel closing: too late to send/recv, messages will be lost

1618938271332	mozrunner::runner	INFO	Running command: "C:\\Program Files\\Mozilla Firefox\\firefox.exe" "-marionette" "-foreground" "-no-remote" "-profile" "C:\\Users\\airbox\\AppData\\Local\\Temp\\rust_mozprofilecsmHq7"
JavaScript error: resource://gre/modules/XULStore.jsm, line 66: Error: Can't find profile directory.
console.warn: SearchSettings: "get: No settings file exists, new profile?" (new Error("", "(unknown module)"))
1618938276391	Marionette	INFO	Listening on port 49747
1618938276649	Marionette	WARN	TLS certificate errors will be ignored for this session
JavaScript warning: https://web.whatsapp.com/bootstrap_qr.b331bf4e2ea119ffdd12.js, line 1: unreachable code after return statement
JavaScript warning: https://web.whatsapp.com/bootstrap_qr.b331bf4e2ea119ffdd12.js, line 1: unreachable code after return statement
JavaScript warning: https://web.whatsapp.com/bootstrap_qr.b331bf4e2ea119ffdd12.js, line 1: unreachable code after return statement
JavaScript warning: https://web.whatsapp.com/bootstrap_qr.b331bf4e2ea119ffdd12.js, line 1: unreachable code after return statement
1618938308074	Marionette	INFO	Stopped listening on port 49747

###!!! [Parent][RunMessage] Error: Channel closing: too late to send/recv, messages will be lost


###!!! [Parent][RunMessage] Error: Channel closing: too late to send/recv, messages will be lost


###!!! [Child][RunMessage] Error: Channel closing: too late to send/recv, messages will be lost

1618938785304	mozrunner::runner	INFO	Running command: "C:\\Program Files\\Mozilla Firefox\\firefox.exe" "-marionette" "-foreground" "-no-remote" "-profile" "C:\\Users\\airbox\\AppData\\Local\\Temp\\rust_mozprofile94cypw"
JavaScript error: resource://gre/modules/XULStore.jsm, line 66: Error: Can't find profile directory.
console.warn: SearchSettings: "get: No settings file exists, new profile?" (new Error("", "(unknown module)"))
1618938792208	Marionette	INFO	Listening on port 49862
1618938792781	Marionette	WARN	TLS certificate errors will be ignored for this session
JavaScript warning: https://web.whatsapp.com/bootstrap_qr.b331bf4e2ea119ffdd12.js, line 1: unreachable code after return statement
JavaScript warning: https://web.whatsapp.com/bootstrap_qr.b331bf4e2ea119ffdd12.js, line 1: unreachable code after return statement
JavaScript warning: https://web.whatsapp.com/bootstrap_qr.b331bf4e2ea119ffdd12.js, line 1: unreachable code after return statement
JavaScript warning: https://web.whatsapp.com/bootstrap_qr.b331bf4e2ea119ffdd12.js, line 1: unreachable code after return statement
1618938846759	Marionette	INFO	Stopped listening on port 49862

###!!! [Child][RunMessage] Error: Channel closing: too late to send/recv, messages will be lost

1618938862680	mozrunner::runner	INFO	Running command: "C:\\Program Files\\Mozilla Firefox\\firefox.exe" "-marionette" "-foreground" "-no-remote" "-profile" "C:\\Users\\airbox\\AppData\\Local\\Temp\\rust_mozprofilepuzPOQ"
JavaScript error: resource://gre/modules/XULStore.jsm, line 66: Error: Can't find profile directory.
console.warn: SearchSettings: "get: No settings file exists, new profile?" (new Error("", "(unknown module)"))
1618938868749	Marionette	INFO	Listening on port 49960
1618938869022	Marionette	WARN	TLS certificate errors will be ignored for this session
JavaScript warning: https://web.whatsapp.com/bootstrap_qr.b331bf4e2ea119ffdd12.js, line 1: unreachable code after return statement
JavaScript warning: https://web.whatsapp.com/bootstrap_qr.b331bf4e2ea119ffdd12.js, line 1: unreachable code after return statement
JavaScript warning: https://web.whatsapp.com/bootstrap_qr.b331bf4e2ea119ffdd12.js, line 1: unreachable code after return statement
JavaScript warning: https://web.whatsapp.com/bootstrap_qr.b331bf4e2ea119ffdd12.js, line 1: unreachable code after return statement
1618938905344	Marionette	INFO	Stopped listening on port 49960

###!!! [Child][RunMessage] Error: Channel closing: too late to send/recv, messages will be lost

1618938993492	mozrunner::runner	INFO	Running command: "C:\\Program Files\\Mozilla Firefox\\firefox.exe" "-marionette" "-foreground" "-no-remote" "-profile" "C:\\Users\\airbox\\AppData\\Local\\Temp\\rust_mozprofiley4RAqa"
JavaScript error: resource://gre/modules/XULStore.jsm, line 66: Error: Can't find profile directory.
console.warn: SearchSettings: "get: No settings file exists, new profile?" (new Error("", "(unknown module)"))
1618938998352	Marionette	INFO	Listening on port 50119
1618938998832	Marionette	WARN	TLS certificate errors will be ignored for this session
JavaScript warning: https://web.whatsapp.com/bootstrap_qr.b331bf4e2ea119ffdd12.js, line 1: unreachable code after return statement
JavaScript warning: https://web.whatsapp.com/bootstrap_qr.b331bf4e2ea119ffdd12.js, line 1: unreachable code after return statement

###!!! [Parent][RunMessage] Error: Channel closing: too late to send/recv, messages will be lost

JavaScript warning: https://web.whatsapp.com/bootstrap_qr.b331bf4e2ea119ffdd12.js, line 1: unreachable code after return statement
JavaScript warning: https://web.whatsapp.com/bootstrap_qr.b331bf4e2ea119ffdd12.js, line 1: unreachable code after return statement
1618939028037	Marionette	INFO	Stopped listening on port 50119

###!!! [Child][RunMessage] Error: Channel closing: too late to send/recv, messages will be lost

1618939560648	mozrunner::runner	INFO	Running command: "C:\\Program Files\\Mozilla Firefox\\firefox.exe" "-marionette" "-foreground" "-no-remote" "-profile" "C:\\Users\\airbox\\AppData\\Local\\Temp\\rust_mozprofilenMjG1m"
JavaScript error: resource://gre/modules/XULStore.jsm, line 66: Error: Can't find profile directory.
console.warn: SearchSettings: "get: No settings file exists, new profile?" (new Error("", "(unknown module)"))
1618939565623	Marionette	INFO	Listening on port 50370
1618939565980	Marionette	WARN	TLS certificate errors will be ignored for this session
JavaScript warning: https://web.whatsapp.com/bootstrap_qr.b331bf4e2ea119ffdd12.js, line 1: unreachable code after return statement
JavaScript warning: https://web.whatsapp.com/bootstrap_qr.b331bf4e2ea119ffdd12.js, line 1: unreachable code after return statement
JavaScript warning: https://web.whatsapp.com/bootstrap_qr.b331bf4e2ea119ffdd12.js, line 1: unreachable code after return statement
JavaScript warning: https://web.whatsapp.com/bootstrap_qr.b331bf4e2ea119ffdd12.js, line 1: unreachable code after return statement
1618939596296	Marionette	INFO	Stopped listening on port 50370

###!!! [Child][RunMessage] Error: Channel closing: too late to send/recv, messages will be lost


###!!! [Child][RunMessage] Error: Channel closing: too late to send/recv, messages will be lost

1618939625979	mozrunner::runner	INFO	Running command: "C:\\Program Files\\Mozilla Firefox\\firefox.exe" "-marionette" "-foreground" "-no-remote" "-profile" "C:\\Users\\airbox\\AppData\\Local\\Temp\\rust_mozprofileH4EoAC"
JavaScript error: resource://gre/modules/XULStore.jsm, line 66: Error: Can't find profile directory.
console.warn: SearchSettings: "get: No settings file exists, new profile?" (new Error("", "(unknown module)"))
1618939630605	Marionette	INFO	Listening on port 50431
1618939630832	Marionette	WARN	TLS certificate errors will be ignored for this session
JavaScript warning: https://web.whatsapp.com/bootstrap_qr.b331bf4e2ea119ffdd12.js, line 1: unreachable code after return statement
JavaScript warning: https://web.whatsapp.com/bootstrap_qr.b331bf4e2ea119ffdd12.js, line 1: unreachable code after return statement
JavaScript warning: https://web.whatsapp.com/bootstrap_qr.b331bf4e2ea119ffdd12.js, line 1: unreachable code after return statement
JavaScript warning: https://web.whatsapp.com/bootstrap_qr.b331bf4e2ea119ffdd12.js, line 1: unreachable code after return statement
1618939669838	Marionette	INFO	Stopped listening on port 50431

###!!! [Child][RunMessage] Error: Channel closing: too late to send/recv, messages will be lost

1618940182645	mozrunner::runner	INFO	Running command: "C:\\Program Files\\Mozilla Firefox\\firefox.exe" "-marionette" "-foreground" "-no-remote" "-profile" "C:\\Users\\airbox\\AppData\\Local\\Temp\\rust_mozprofile8zsYhU"
JavaScript error: resource://gre/modules/XULStore.jsm, line 66: Error: Can't find profile directory.
console.warn: SearchSettings: "get: No settings file exists, new profile?" (new Error("", "(unknown module)"))
1618940187624	Marionette	INFO	Listening on port 50522
1618940187960	Marionette	WARN	TLS certificate errors will be ignored for this session
JavaScript warning: https://web.whatsapp.com/bootstrap_qr.b331bf4e2ea119ffdd12.js, line 1: unreachable code after return statement
JavaScript warning: https://web.whatsapp.com/bootstrap_qr.b331bf4e2ea119ffdd12.js, line 1: unreachable code after return statement
JavaScript warning: https://web.whatsapp.com/bootstrap_qr.b331bf4e2ea119ffdd12.js, line 1: unreachable code after return statement
JavaScript warning: https://web.whatsapp.com/bootstrap_qr.b331bf4e2ea119ffdd12.js, line 1: unreachable code after return statement
[Parent 12732, IPC I/O Parent] WARNING: file /builds/worker/checkouts/gecko/ipc/chromium/src/base/process_util_win.cc:167
1618940678587	Marionette	INFO	Stopped listening on port 50522
1618940891479	mozrunner::runner	INFO	Running command: "C:\\Program Files\\Mozilla Firefox\\firefox.exe" "-marionette" "-foreground" "-no-remote" "-profile" "C:\\Users\\airbox\\AppData\\Local\\Temp\\rust_mozprofileXgN1P6"
JavaScript error: resource://gre/modules/XULStore.jsm, line 66: Error: Can't find profile directory.
console.warn: SearchSettings: "get: No settings file exists, new profile?" (new Error("", "(unknown module)"))
1618940896069	Marionette	INFO	Listening on port 50621
1618940896287	Marionette	WARN	TLS certificate errors will be ignored for this session
JavaScript warning: https://web.whatsapp.com/bootstrap_qr.b331bf4e2ea119ffdd12.js, line 1: unreachable code after return statement
JavaScript warning: https://web.whatsapp.com/bootstrap_qr.b331bf4e2ea119ffdd12.js, line 1: unreachable code after return statement
JavaScript warning: https://web.whatsapp.com/bootstrap_qr.b331bf4e2ea119ffdd12.js, line 1: unreachable code after return statement
JavaScript warning: https://web.whatsapp.com/bootstrap_qr.b331bf4e2ea119ffdd12.js, line 1: unreachable code after return statement
1618940946381	Marionette	INFO	Stopped listening on port 50621

###!!! [Child][RunMessage] Error: Channel closing: too late to send/recv, messages will be lost


###!!! [Child][RunMessage] Error: Channel closing: too late to send/recv, messages will be lost

1618941057864	mozrunner::runner	INFO	Running command: "C:\\Program Files\\Mozilla Firefox\\firefox.exe" "-marionette" "-foreground" "-no-remote" "-profile" "C:\\Users\\airbox\\AppData\\Local\\Temp\\rust_mozprofileRofwgv"
JavaScript error: resource://gre/modules/XULStore.jsm, line 66: Error: Can't find profile directory.
console.warn: SearchSettings: "get: No settings file exists, new profile?" (new Error("", "(unknown module)"))
1618941062791	Marionette	INFO	Listening on port 50710
1618941063183	Marionette	WARN	TLS certificate errors will be ignored for this session
JavaScript warning: https://web.whatsapp.com/bootstrap_qr.b331bf4e2ea119ffdd12.js, line 1: unreachable code after return statement
JavaScript warning: https://web.whatsapp.com/bootstrap_qr.b331bf4e2ea119ffdd12.js, line 1: unreachable code after return statement
1618941070802	Marionette	INFO	Stopped listening on port 50710

###!!! [Child][RunMessage] Error: Channel closing: too late to send/recv, messages will be lost

1618941102805	mozrunner::runner	INFO	Running command: "C:\\Program Files\\Mozilla Firefox\\firefox.exe" "-marionette" "-foreground" "-no-remote" "-profile" "C:\\Users\\airbox\\AppData\\Local\\Temp\\rust_mozprofileho2CAR"
JavaScript error: resource://gre/modules/XULStore.jsm, line 66: Error: Can't find profile directory.
console.warn: SearchSettings: "get: No settings file exists, new profile?" (new Error("", "(unknown module)"))
1618941107654	Marionette	INFO	Listening on port 50769
1618941108154	Marionette	WARN	TLS certificate errors will be ignored for this session
JavaScript warning: https://web.whatsapp.com/bootstrap_qr.b331bf4e2ea119ffdd12.js, line 1: unreachable code after return statement
JavaScript warning: https://web.whatsapp.com/bootstrap_qr.b331bf4e2ea119ffdd12.js, line 1: unreachable code after return statement
1618941123027	Marionette	INFO	Stopped listening on port 50769

###!!! [Child][RunMessage] Error: Channel closing: too late to send/recv, messages will be lost

1618941138242	mozrunner::runner	INFO	Running command: "C:\\Program Files\\Mozilla Firefox\\firefox.exe" "-marionette" "-foreground" "-no-remote" "-profile" "C:\\Users\\airbox\\AppData\\Local\\Temp\\rust_mozprofileZcLMx4"
JavaScript error: resource://gre/modules/XULStore.jsm, line 66: Error: Can't find profile directory.
console.warn: SearchSettings: "get: No settings file exists, new profile?" (new Error("", "(unknown module)"))
1618941143169	Marionette	INFO	Listening on port 50827
1618941143601	Marionette	WARN	TLS certificate errors will be ignored for this session
JavaScript warning: https://web.whatsapp.com/bootstrap_qr.b331bf4e2ea119ffdd12.js, line 1: unreachable code after return statement
JavaScript warning: https://web.whatsapp.com/bootstrap_qr.b331bf4e2ea119ffdd12.js, line 1: unreachable code after return statement
JavaScript warning: https://web.whatsapp.com/bootstrap_qr.b331bf4e2ea119ffdd12.js, line 1: unreachable code after return statement
JavaScript warning: https://web.whatsapp.com/bootstrap_qr.b331bf4e2ea119ffdd12.js, line 1: unreachable code after return statement
1618941200204	Marionette	INFO	Stopped listening on port 50827

###!!! [Parent][RunMessage] Error: Channel closing: too late to send/recv, messages will be lost


###!!! [Child][RunMessage] Error: Channel closing: too late to send/recv, messages will be lost


###!!! [Child][RunMessage] Error: Channel closing: too late to send/recv, messages will be lost

1618958151521	mozrunner::runner	INFO	Running command: "C:\\Program Files\\Mozilla Firefox\\firefox.exe" "-marionette" "-foreground" "-no-remote" "-profile" "C:\\Users\\airbox\\AppData\\Local\\Temp\\rust_mozprofilegKJxJC"
JavaScript error: resource://gre/modules/XULStore.jsm, line 66: Error: Can't find profile directory.
console.warn: SearchSettings: "get: No settings file exists, new profile?" (new Error("", "(unknown module)"))
1618958156485	Marionette	INFO	Listening on port 51497
1618958156840	Marionette	WARN	TLS certificate errors will be ignored for this session
JavaScript warning: https://web.whatsapp.com/bootstrap_qr.b331bf4e2ea119ffdd12.js, line 1: unreachable code after return statement
JavaScript warning: https://web.whatsapp.com/bootstrap_qr.b331bf4e2ea119ffdd12.js, line 1: unreachable code after return statement
1618958191751	Marionette	INFO	Stopped listening on port 51497

###!!! [Child][RunMessage] Error: Channel closing: too late to send/recv, messages will be lost

1618958340885	mozrunner::runner	INFO	Running command: "C:\\Program Files\\Mozilla Firefox\\firefox.exe" "-marionette" "-foreground" "-no-remote" "-profile" "C:\\Users\\airbox\\AppData\\Local\\Temp\\rust_mozprofileo6yf96"
JavaScript error: resource://gre/modules/XULStore.jsm, line 66: Error: Can't find profile directory.
console.warn: SearchSettings: "get: No settings file exists, new profile?" (new Error("", "(unknown module)"))
1618958345740	Marionette	INFO	Listening on port 51563
1618958346240	Marionette	WARN	TLS certificate errors will be ignored for this session
JavaScript warning: https://web.whatsapp.com/bootstrap_qr.b331bf4e2ea119ffdd12.js, line 1: unreachable code after return statement
JavaScript warning: https://web.whatsapp.com/bootstrap_qr.b331bf4e2ea119ffdd12.js, line 1: unreachable code after return statement
JavaScript warning: https://web.whatsapp.com/bootstrap_qr.b331bf4e2ea119ffdd12.js, line 1: unreachable code after return statement
JavaScript warning: https://web.whatsapp.com/bootstrap_qr.b331bf4e2ea119ffdd12.js, line 1: unreachable code after return statement
1618958391059	Marionette	INFO	Stopped listening on port 51563

###!!! [Child][RunMessage] Error: Channel closing: too late to send/recv, messages will be lost

1618958432251	mozrunner::runner	INFO	Running command: "C:\\Program Files\\Mozilla Firefox\\firefox.exe" "-marionette" "-foreground" "-no-remote" "-profile" "C:\\Users\\airbox\\AppData\\Local\\Temp\\rust_mozprofilePwaoCq"
JavaScript error: resource://gre/modules/XULStore.jsm, line 66: Error: Can't find profile directory.
console.warn: SearchSettings: "get: No settings file exists, new profile?" (new Error("", "(unknown module)"))
1618958436972	Marionette	INFO	Listening on port 51632
1618958437095	Marionette	WARN	TLS certificate errors will be ignored for this session
JavaScript warning: https://web.whatsapp.com/bootstrap_qr.b331bf4e2ea119ffdd12.js, line 1: unreachable code after return statement
JavaScript warning: https://web.whatsapp.com/bootstrap_qr.b331bf4e2ea119ffdd12.js, line 1: unreachable code after return statement
JavaScript warning: https://web.whatsapp.com/bootstrap_qr.b331bf4e2ea119ffdd12.js, line 1: unreachable code after return statement
JavaScript warning: https://web.whatsapp.com/bootstrap_qr.b331bf4e2ea119ffdd12.js, line 1: unreachable code after return statement
1618958472296	Marionette	INFO	Stopped listening on port 51632

###!!! [Child][RunMessage] Error: Channel closing: too late to send/recv, messages will be lost

