1618962339655	mozrunner::runner	INFO	Running command: "C:\\Program Files\\Mozilla Firefox\\firefox.exe" "-marionette" "-foreground" "-no-remote" "-profile" "C:\\Users\\airbox\\AppData\\Local\\Temp\\rust_mozprofileSNt54G"
JavaScript error: resource://gre/modules/XULStore.jsm, line 66: Error: Can't find profile directory.
console.warn: SearchSettings: "get: No settings file exists, new profile?" (new Error("", "(unknown module)"))
1618962345488	Marionette	INFO	Listening on port 52083
1618962345976	Marionette	WARN	TLS certificate errors will be ignored for this session
JavaScript warning: https://web.whatsapp.com/bootstrap_qr.b331bf4e2ea119ffdd12.js, line 1: unreachable code after return statement
JavaScript warning: https://web.whatsapp.com/bootstrap_qr.b331bf4e2ea119ffdd12.js, line 1: unreachable code after return statement
1618962514748	Marionette	INFO	Stopped listening on port 52083

###!!! [Child][RunMessage] Error: Channel closing: too late to send/recv, messages will be lost

rs\\airbox\\AppData\\Local\\Temp\\rust_mozprofilecm3330"
JavaScript error: resource://gre/modules/XULStore.jsm, line 66: Error: Can't find profile directory.
console.warn: SearchSettings: "get: No settings file exists, new profile?" (new Error("", "(unknown module)"))
1618962360615	Marionette	INFO	Listening on port 52150
1618962360710	Marionette	WARN	TLS certificate errors will be ignored for this session
JavaScript warning: https://web.whatsapp.com/bootstrap_qr.b331bf4e2ea119ffdd12.js, line 1: unreachable code after return statement
JavaScript warning: https://web.whatsapp.com/bootstrap_qr.b331bf4e2ea119ffdd12.js, line 1: unreachable code after return statement
JavaScript error: https://web.whatsapp.com/bootstrap_qr.b331bf4e2ea119ffdd12.js, line 1: NS_ERROR_NOT_INITIALIZED: 

###!!! [Child][MessageChannel] Error: (msgtype=0xB60006,name=PWebSocket::Msg_DeleteSelf) Channel closing: too late to send/recv, messages will be lost

JavaScript error: , line 0: TypeError: ServiceWorker script at https://web.whatsapp.com/serviceworker.js for scope https://web.whatsapp.com/ encountered an error during installation.
1618962367357	Marionette	INFO	Stopped listening on port 52150

###!!! [Child][RunMessage] Error: Channel closing: too late to send/recv, messages will be lost

1618962373871	mozrunner::runner	INFO	Running command: "C:\\Program Files\\Mozilla Firefox\\firefox.exe" "-marionette" "-foreground" "-no-remote" "-profile" "C:\\Users\\airbox\\AppData\\Local\\Temp\\rust_mozprofilebyDjdF"
JavaScript error: resource://gre/modules/XULStore.jsm, line 66: Error: Can't find profile directory.
console.warn: SearchSettings: "get: No settings file exists, new profile?" (new Error("", "(unknown module)"))
1618962379183	Marionette	INFO	Listening on port 52208
1618962379233	Marionette	WARN	TLS certificate errors will be ignored for this session
JavaScript warning: https://web.whatsapp.com/bootstrap_qr.b331bf4e2ea119ffdd12.js, line 1: unreachable code after return statement
JavaScript warning: https://web.whatsapp.com/bootstrap_qr.b331bf4e2ea119ffdd12.js, line 1: unreachable code after return statement
1618962516278	Marionette	INFO	Stopped listening on port 52208

###!!! [Child][RunMessage] Error: Channel closing: too late to send/recv, messages will be lost

1618962536080	mozrunner::runner	INFO	Running command: "C:\\Program Files\\Mozilla Firefox\\firefox.exe" "-marionette" "-foreground" "-no-remote" "-profile" "C:\\Users\\airbox\\AppData\\Local\\Temp\\rust_mozprofileBb8ynH"
JavaScript error: resource://gre/modules/XULStore.jsm, line 66: Error: Can't find profile directory.
console.warn: SearchSettings: "get: No settings file exists, new profile?" (new Error("", "(unknown module)"))
1618962541403	Marionette	INFO	Listening on port 52271
1618962541922	Marionette	WARN	TLS certificate errors will be ignored for this session
JavaScript warning: https://web.whatsapp.com/bootstrap_qr.b331bf4e2ea119ffdd12.js, line 1: unreachable code after return statement
JavaScript warning: https://web.whatsapp.com/bootstrap_qr.b331bf4e2ea119ffdd12.js, line 1: unreachable code after return statement
JavaScript warning: https://web.whatsapp.com/bootstrap_qr.b331bf4e2ea119ffdd12.js, line 1: unreachable code after return statement
JavaScript warning: https://web.whatsapp.com/bootstrap_qr.b331bf4e2ea119ffdd12.js, line 1: unreachable code after return statement
1618962600228	Marionette	INFO	Stopped listening on port 52271

###!!! [Parent][RunMessage] Error: Channel closing: too late to send/recv, messages will be lost

[Parent 11748, IPC I/O Parent] WARNING: pipe error: 232: file /builds/worker/checkouts/gecko/ipc/chromium/src/chrome/common/ipc_channel_win.cc:544

###!!! [Child][RunMessage] Error: Channel closing: too late to send/recv, messages will be lost

1618964176224	mozrunner::runner	INFO	Running command: "C:\\Program Files\\Mozilla Firefox\\firefox.exe" "-marionette" "-foreground" "-no-remote" "-profile" "C:\\Users\\airbox\\AppData\\Local\\Temp\\rust_mozprofilei8Tk7p"
JavaScript error: resource://gre/modules/XULStore.jsm, line 66: Error: Can't find profile directory.
console.warn: SearchSettings: "get: No settings file exists, new profile?" (new Error("", "(unknown module)"))
1618964181719	Marionette	INFO	Listening on port 52494
1618964182089	Marionette	WARN	TLS certificate errors will be ignored for this session
JavaScript warning: https://web.whatsapp.com/bootstrap_qr.b331bf4e2ea119ffdd12.js, line 1: unreachable code after return statement
JavaScript warning: https://web.whatsapp.com/bootstrap_qr.b331bf4e2ea119ffdd12.js, line 1: unreachable code after return statement
1618964198016	Marionette	INFO	Stopped listening on port 52494

###!!! [Child][RunMessage] Error: Channel closing: too late to send/recv, messages will be lost

rs\\airbox\\AppData\\Local\\Temp\\rust_mozprofileVQ62tv"
JavaScript error: resource://gre/modules/XULStore.jsm, line 66: Error: Can't find profile directory.
console.warn: SearchSettings: "get: No settings file exists, new profile?" (new Error("", "(unknown module)"))
1618964200294	Marionette	INFO	Listening on port 52562
1618964200381	Marionette	WARN	TLS certificate errors will be ignored for this session
JavaScript warning: https://web.whatsapp.com/bootstrap_qr.b331bf4e2ea119ffdd12.js, line 1: unreachable code after return statement
JavaScript warning: https://web.whatsapp.com/bootstrap_qr.b331bf4e2ea119ffdd12.js, line 1: unreachable code after return statement
1618964223935	Marionette	INFO	Stopped listening on port 52562

###!!! [Child][RunMessage] Error: Channel closing: too late to send/recv, messages will be lost

1618964302879	mozrunner::runner	INFO	Running command: "C:\\Program Files\\Mozilla Firefox\\firefox.exe" "-marionette" "-foreground" "-no-remote" "-profile" "C:\\Users\\airbox\\AppData\\Local\\Temp\\rust_mozprofileFBANLV"
JavaScript error: resource://gre/modules/XULStore.jsm, line 66: Error: Can't find profile directory.
console.warn: SearchSettings: "get: No settings file exists, new profile?" (new Error("", "(unknown module)"))
1618964307965	Marionette	INFO	Listening on port 52629
1618964308264	Marionette	WARN	TLS certificate errors will be ignored for this session
JavaScript warning: https://web.whatsapp.com/bootstrap_qr.b331bf4e2ea119ffdd12.js, line 1: unreachable code after return statement
JavaScript warning: https://web.whatsapp.com/bootstrap_qr.b331bf4e2ea119ffdd12.js, line 1: unreachable code after return statement
1618964322346	Marionette	INFO	Stopped listening on port 52629

###!!! [Child][RunMessage] Error: Channel closing: too late to send/recv, messages will be lost

1618964327164	mozrunner::runner	INFO	Running command: "C:\\Program Files\\Mozilla Firefox\\firefox.exe" "-marionette" "-foreground" "-no-remote" "-profile" "C:\\Users\\airbox\\AppData\\Local\\Temp\\rust_mozprofilepLodsG"
JavaScript error: resource://gre/modules/XULStore.jsm, line 66: Error: Can't find profile directory.
console.warn: SearchSettings: "get: No settings file exists, new profile?" (new Error("", "(unknown module)"))
1618964333178	Marionette	INFO	Listening on port 52687
1618964333489	Marionette	WARN	TLS certificate errors will be ignored for this session
JavaScript warning: https://web.whatsapp.com/bootstrap_qr.b331bf4e2ea119ffdd12.js, line 1: unreachable code after return statement
JavaScript warning: https://web.whatsapp.com/bootstrap_qr.b331bf4e2ea119ffdd12.js, line 1: unreachable code after return statement
JavaScript error: https://web.whatsapp.com/bootstrap_qr.b331bf4e2ea119ffdd12.js, line 1: NS_ERROR_NOT_INITIALIZED: 
1618964336720	Marionette	INFO	Stopped listening on port 52687
1618964535549	mozrunner::runner	INFO	Running command: "C:\\Program Files\\Mozilla Firefox\\firefox.exe" "-marionette" "-foreground" "-no-remote" "-profile" "C:\\Users\\airbox\\AppData\\Local\\Temp\\rust_mozprofileWefYLk"
JavaScript error: resource://gre/modules/XULStore.jsm, line 66: Error: Can't find profile directory.
console.warn: SearchSettings: "get: No settings file exists, new profile?" (new Error("", "(unknown module)"))
1618964541108	Marionette	INFO	Listening on port 52778
1618964541410	Marionette	WARN	TLS certificate errors will be ignored for this session
JavaScript warning: https://web.whatsapp.com/bootstrap_qr.b331bf4e2ea119ffdd12.js, line 1: unreachable code after return statement
JavaScript warning: https://web.whatsapp.com/bootstrap_qr.b331bf4e2ea119ffdd12.js, line 1: unreachable code after return statement

###!!! [Child][RunMessage] Error: Channel closing: too late to send/recv, messages will be lost

1618964771641	Marionette	INFO	Stopped listening on port 52778

###!!! [Child][RunMessage] Error: Channel closing: too late to send/recv, messages will be lost

1619054604907	mozrunner::runner	INFO	Running command: "C:\\Program Files\\Mozilla Firefox\\firefox.exe" "-marionette" "-foreground" "-no-remote" "-profile" "C:\\Users\\airbox\\AppData\\Local\\Temp\\rust_mozprofilepvAAs5"
JavaScript error: resource://gre/modules/XULStore.jsm, line 66: Error: Can't find profile directory.
console.warn: SearchSettings: "get: No settings file exists, new profile?" (new Error("", "(unknown module)"))
1619054613196	Marionette	INFO	Listening on port 58491
1619054613631	Marionette	WARN	TLS certificate errors will be ignored for this session

###!!! [Child][RunMessage] Error: Channel closing: too late to send/recv, messages will be lost

1619054615419	Marionette	INFO	Stopped listening on port 58491

###!!! [Child][RunMessage] Error: Channel closing: too late to send/recv, messages will be lost

1619054620742	mozrunner::runner	INFO	Running command: "C:\\Program Files\\Mozilla Firefox\\firefox.exe" "-marionette" "-foreground" "-no-remote" "-profile" "C:\\Users\\airbox\\AppData\\Local\\Temp\\rust_mozprofileuDq2w3"
JavaScript error: resource://gre/modules/XULStore.jsm, line 66: Error: Can't find profile directory.
console.warn: SearchSettings: "get: No settings file exists, new profile?" (new Error("", "(unknown module)"))
1619054627149	Marionette	INFO	Listening on port 58546
1619054627220	Marionette	WARN	TLS certificate errors will be ignored for this session
JavaScript warning: https://web.whatsapp.com/bootstrap_qr.b331bf4e2ea119ffdd12.js, line 1: unreachable code after return statement
JavaScript warning: https://web.whatsapp.com/bootstrap_qr.b331bf4e2ea119ffdd12.js, line 1: unreachable code after return statement
console.log: WebExtensions: reset-default-search: No addons in our list are installed.
1619056745575	Marionette	INFO	Stopped listening on port 58546
ram Files\\Mozilla Firefox\\firefox.exe" "-marionette" "-foreground" "-no-remote" "-profile" "C:\\Users\\airbox\\AppData\\Local\\Temp\\rust_mozprofileE3fWD8"
JavaScript error: resource://gre/modules/XULStore.jsm, line 66: Error: Can't find profile directory.
console.warn: SearchSettings: "get: No settings file exists, new profile?" (new Error("", "(unknown module)"))
1619056749579	Marionette	INFO	Listening on port 58848
1619056749814	Marionette	WARN	TLS certificate errors will be ignored for this session
JavaScript warning: https://web.whatsapp.com/bootstrap_qr.b331bf4e2ea119ffdd12.js, line 1: unreachable code after return statement
JavaScript warning: https://web.whatsapp.com/bootstrap_qr.b331bf4e2ea119ffdd12.js, line 1: unreachable code after return statement
JavaScript warning: https://web.whatsapp.com/bootstrap_qr.b331bf4e2ea119ffdd12.js, line 1: unreachable code after return statement
JavaScript warning: https://web.whatsapp.com/bootstrap_qr.b331bf4e2ea119ffdd12.js, line 1: unreachable code after return statement
1619056789772	Marionette	INFO	Stopped listening on port 58848

###!!! [Child][RunMessage] Error: Channel closing: too late to send/recv, messages will be lost

1619115603179	mozrunner::runner	INFO	Running command: "C:\\Program Files\\Mozilla Firefox\\firefox.exe" "-marionette" "-foreground" "-no-remote" "-profile" "C:\\Users\\airbox\\AppData\\Local\\Temp\\rust_mozprofilekMubGW"
JavaScript error: resource://gre/modules/XULStore.jsm, line 66: Error: Can't find profile directory.
console.warn: SearchSettings: "get: No settings file exists, new profile?" (new Error("", "(unknown module)"))
1619115611924	Marionette	INFO	Listening on port 65266
1619115612436	Marionette	WARN	TLS certificate errors will be ignored for this session
JavaScript warning: https://web.whatsapp.com/bootstrap_qr.b331bf4e2ea119ffdd12.js, line 1: unreachable code after return statement
JavaScript warning: https://web.whatsapp.com/bootstrap_qr.b331bf4e2ea119ffdd12.js, line 1: unreachable code after return statement
JavaScript warning: https://web.whatsapp.com/bootstrap_qr.b331bf4e2ea119ffdd12.js, line 1: unreachable code after return statement
JavaScript warning: https://web.whatsapp.com/bootstrap_qr.b331bf4e2ea119ffdd12.js, line 1: unreachable code after return statement
JavaScript warning: https://web.whatsapp.com/bootstrap_qr.b331bf4e2ea119ffdd12.js, line 1: unreachable code after return statement
JavaScript warning: https://web.whatsapp.com/bootstrap_qr.b331bf4e2ea119ffdd12.js, line 1: unreachable code after return statement
JavaScript warning: https://web.whatsapp.com/bootstrap_qr.b331bf4e2ea119ffdd12.js, line 1: unreachable code after return statement
JavaScript warning: https://web.whatsapp.com/bootstrap_qr.b331bf4e2ea119ffdd12.js, line 1: unreachable code after return statement
1619115694497	Marionette	INFO	Stopped listening on port 65266

###!!! [Child][RunMessage] Error: Channel closing: too late to send/recv, messages will be lost

1619121133037	mozrunner::runner	INFO	Running command: "C:\\Program Files\\Mozilla Firefox\\firefox.exe" "-marionette" "-foreground" "-no-remote" "-profile" "C:\\Users\\airbox\\AppData\\Local\\Temp\\rust_mozprofileMaiwPG"
JavaScript error: resource://gre/modules/XULStore.jsm, line 66: Error: Can't find profile directory.
console.warn: SearchSettings: "get: No settings file exists, new profile?" (new Error("", "(unknown module)"))
1619121139652	Marionette	INFO	Listening on port 49211
1619121140003	Marionette	WARN	TLS certificate errors will be ignored for this session
JavaScript warning: https://web.whatsapp.com/bootstrap_qr.df9188bb4cd23ee53e79.js, line 1: unreachable code after return statement
JavaScript warning: https://web.whatsapp.com/bootstrap_qr.df9188bb4cd23ee53e79.js, line 1: unreachable code after return statement
JavaScript warning: https://web.whatsapp.com/bootstrap_qr.b331bf4e2ea119ffdd12.js, line 1: unreachable code after return statement
JavaScript warning: https://web.whatsapp.com/bootstrap_qr.b331bf4e2ea119ffdd12.js, line 1: unreachable code after return statement
1619121184235	Marionette	INFO	Stopped listening on port 49211

###!!! [Child][RunMessage] Error: Channel closing: too late to send/recv, messages will be lost

1619121355189	mozrunner::runner	INFO	Running command: "C:\\Program Files\\Mozilla Firefox\\firefox.exe" "-marionette" "-foreground" "-no-remote" "-profile" "C:\\Users\\airbox\\AppData\\Local\\Temp\\rust_mozprofileS9rb9s"
JavaScript error: resource://gre/modules/XULStore.jsm, line 66: Error: Can't find profile directory.
console.warn: SearchSettings: "get: No settings file exists, new profile?" (new Error("", "(unknown module)"))
1619121361508	Marionette	INFO	Listening on port 49307
1619121361568	Marionette	WARN	TLS certificate errors will be ignored for this session
JavaScript warning: https://web.whatsapp.com/bootstrap_qr.df9188bb4cd23ee53e79.js, line 1: unreachable code after return statement
JavaScript warning: https://web.whatsapp.com/bootstrap_qr.df9188bb4cd23ee53e79.js, line 1: unreachable code after return statement
JavaScript warning: https://web.whatsapp.com/bootstrap_qr.b331bf4e2ea119ffdd12.js, line 1: unreachable code after return statement
JavaScript warning: https://web.whatsapp.com/bootstrap_qr.b331bf4e2ea119ffdd12.js, line 1: unreachable code after return statement
1619121392995	Marionette	INFO	Stopped listening on port 49307

###!!! [Child][RunMessage] Error: Channel closing: too late to send/recv, messages will be lost

1619121403029	mozrunner::runner	INFO	Running command: "C:\\Program Files\\Mozilla Firefox\\firefox.exe" "-marionette" "-foreground" "-no-remote" "-profile" "C:\\Users\\airbox\\AppData\\Local\\Temp\\rust_mozprofileLEXJAt"
JavaScript error: resource://gre/modules/XULStore.jsm, line 66: Error: Can't find profile directory.
console.warn: SearchSettings: "get: No settings file exists, new profile?" (new Error("", "(unknown module)"))
1619121408942	Marionette	INFO	Listening on port 49362
1619121409426	Marionette	WARN	TLS certificate errors will be ignored for this session
JavaScript warning: https://web.whatsapp.com/bootstrap_qr.b331bf4e2ea119ffdd12.js, line 1: unreachable code after return statement
JavaScript warning: https://web.whatsapp.com/bootstrap_qr.b331bf4e2ea119ffdd12.js, line 1: unreachable code after return statement
JavaScript warning: https://web.whatsapp.com/bootstrap_qr.b331bf4e2ea119ffdd12.js, line 1: unreachable code after return statement
JavaScript warning: https://web.whatsapp.com/bootstrap_qr.b331bf4e2ea119ffdd12.js, line 1: unreachable code after return statement
1619121437290	Marionette	INFO	Stopped listening on port 49362

###!!! [Child][RunMessage] Error: Channel closing: too late to send/recv, messages will be lost

1619121593147	mozrunner::runner	INFO	Running command: "C:\\Program Files\\Mozilla Firefox\\firefox.exe" "-marionette" "-foreground" "-no-remote" "-profile" "C:\\Users\\airbox\\AppData\\Local\\Temp\\rust_mozprofiledUWMJZ"
JavaScript error: resource://gre/modules/XULStore.jsm, line 66: Error: Can't find profile directory.
1619121600748	mozrunner::runner	INFO	Running command: "C:\\Program Files\\Mozilla Firefox\\firefox.exe" "-marionette" "-foreground" "-no-remote" "-profile" "C:\\Users\\airbox\\AppData\\Local\\Temp\\rust_mozprofile77qmeQ"
JavaScript error: resource://gre/modules/XULStore.jsm, line 66: Error: Can't find profile directory.
console.warn: SearchSettings: "get: No settings file exists, new profile?" (new Error("", "(unknown module)"))
1619121609262	Marionette	INFO	Listening on port 49496
1619121609721	Marionette	WARJavaScript warning: https://web.whatsapp.com/bootstrap_qr.b331bf4e2ea119ffdd12.js, line 1: unreachable code after return statement
JavaScript warning: https://web.whatsapp.com/bootstrap_qr.b331bf4e2ea119ffdd12.js, line 1: unreachable code after return statement
1619121650379	Marionette	INFO	Stopped listening on port 4941619121803614	Marionette	INFO	Stopped listening on port 49496

###!!! [Child][RunMessage] Error: Channel closing: too late to send/recv, messages will be lost

ate to send/recv, messages will be lost


###!!! [Child][RunMessage] Error: Channel closing: too late to send/recv, messages will be lost

JavaScript error: resource://gre/modules/CrashManager.jsm, line 833: NotAllowedError: Shutting down and refusing additional I/O tasks

###!!! [Child][RunMessage] Error: Channel closing: too late to send/recv, messages will be lost

1619121717185	mozrunner::runner	INFO	Running command: "C:\\Program Files\\Mozilla Firefox\\firefox.exe" "-marionette" "-foreground" "-no-remote" "-profile" "C:\\Users\\airbox\\AppData\\Local\\Temp\\rust_mozprofile3XG5fv"
JavaScript error: resource://gre/modules/XULStore.jsm, line 66: Error: Can't find profile directory.
console.warn: SearchSettings: "get: No settings file exists, new profile?" (new Error("", "(unknown module)"))
1619121723064	Marionette	INFO	Listening on port 49595
1619121723554	Marionette	WARN	TLS certificate errors will be ignored for this session
JavaScript warning: https://web.whatsapp.com/bootstrap_qr.b331bf4e2ea119ffdd12.js, line 1: unreachable code after return statement
JavaScript warning: https://web.whatsapp.com/bootstrap_qr.b331bf4e2ea119ffdd12.js, line 1: unreachable code after return statement
JavaScript error: resource://gre/modules/AsyncShutdown.jsm, line 575: NotFoundError: No such JSWindowActor 'MarionetteEvents'
JavaScript error: resource://gre/modules/AsyncShutdown.jsm, line 575: NotFoundError: No such JSWindowActor 'MarionetteEvents'

###!!! [Child][RunMessage] Error: Channel closing: too late to send/recv, messages will be lost

JavaScript error: resource://gre/modules/Sqlite.jsm, line 1030: Error: Sqlite.jsm has been shutdown. Cannot open connection to: C:\Users\airbox\AppData\Local\Temp\rust_mozprofile3XG5fv\protections.sqlite
1619121817433	Marionette	INFO	Stopped listening on port 49595

###!!! [Child][RunMessage] Error: Channel closing: too late to send/recv, messages will be lost

ing: https://web.whatsapp.com/bootstrap_qr.df9188bb4cd23ee53e79.js, line 1: unreachable code after return statement
JavaScript warning: https://web.whatsapp.com/bootstrap_qr.b331bf4e2ea119ffdd12.js, line 1: unreachable code after return statement
JavaScript warning: https://web.whatsapp.com/bootstrap_qr.b331bf4e2ea119ffdd12.js, line 1: unreachable code after return statement
1619121851423	Marionette	INFO	Stopped listening on port 49661
[Parent 2060, IPC I/O Parent] WARNING: pipe error: 232: file /builds/worker/checkouts/gecko/ipc/chromium/src/chrome/common/ipc_channel_win.cc:544

###!!! [Child][RunMessage] Error: Channel closing: too late to send/recv, messages will be lost

1619121936392	mozrunner::runner	INFO	Running command: "C:\\Program Files\\Mozilla Firefox\\firefox.exe" "-marionette" "-foreground" "-no-remote" "-profile" "C:\\Users\\airbox\\AppData\\Local\\Temp\\rust_mozprofilefz0psS"
JavaScript error: resource://gre/modules/XULStore.jsm, line 66: Error: Can't find profile directory.
console.warn: SearchSettings: "get: No settings file exists, new profile?" (new Error("", "(unknown module)"))
1619121942186	Marionette	INFO	Listening on port 49738
1619121942231	Marionette	WARN	TLS certificate errors will be ignored for this session
JavaScript warning: https://web.whatsapp.com/bootstrap_qr.df9188bb4cd23ee53e79.js, line 1: unreachable code after return statement
JavaScript warning: https://web.whatsapp.com/bootstrap_qr.df9188bb4cd23ee53e79.js, line 1: unreachable code after return statement
JavaScript warning: https://web.whatsapp.com/bootstrap_qr.b331bf4e2ea119ffdd12.js, line 1: unreachable code after return statement
JavaScript warning: https://web.whatsapp.com/bootstrap_qr.b331bf4e2ea119ffdd12.js, line 1: unreachable code after return statement
[Child 12856, IPC I/O Child] WARNING: pipe error: 232: file /builds/worker/checkouts/gecko/ipc/chromium/src/chrome/common/ipc_channel_win.cc:544
1619121983054	Marionette	INFO	Stopped listening on port 49738

###!!! [Child][RunMessage] Error: Channel closing: too late to send/recv, messages will be lost

1619122006836	mozrunner::runner	INFO	Running command: "C:\\Program Files\\Mozilla Firefox\\firefox.exe" "-marionette" "-foreground" "-no-remote" "-profile" "C:\\Users\\airbox\\AppData\\Local\\Temp\\rust_mozprofile38bEAW"
JavaScript error: resource://gre/modules/XULStore.jsm, line 66: Error: Can't find profile directory.
console.warn: SearchSettings: "get: No settings file exists, new profile?" (new Error("", "(unknown module)"))
1619122012739	Marionette	INFO	Listening on port 49814
1619122013158	Marionette	WARN	TLS certificate errors will be ignored for this session
JavaScript warning: https://web.whatsapp.com/bootstrap_qr.b331bf4e2ea119ffdd12.js, line 1: unreachable code after return statement
JavaScript warning: https://web.whatsapp.com/bootstrap_qr.b331bf4e2ea119ffdd12.js, line 1: unreachable code after return statement
JavaScript warning: https://web.whatsapp.com/bootstrap_qr.b331bf4e2ea119ffdd12.js, line 1: unreachable code after return statement
JavaScript warning: https://web.whatsapp.com/bootstrap_qr.b331bf4e2ea119ffdd12.js, line 1: unreachable code after return statement
1619122048311	Marionette	INFO	Stopped listening on port 49814

###!!! [Parent][RunMessage] Error: Channel closing: too late to send/recv, messages will be lost


###!!! [Child][RunMessage] Error: Channel closing: too late to send/recv, messages will be lost

1619122109072	mozrunner::runner	INFO	Running command: "C:\\Program Files\\Mozilla Firefox\\firefox.exe" "-marionette" "-foreground" "-no-remote" "-profile" "C:\\Users\\airbox\\AppData\\Local\\Temp\\rust_mozprofilemdUbpa"
JavaScript error: resource://gre/modules/XULStore.jsm, line 66: Error: Can't find profile directory.
console.warn: SearchSettings: "get: No settings file exists, new profile?" (new Error("", "(unknown module)"))
1619122114935	Marionette	INFO	Listening on port 49894
1619122115447	Marionette	WARN	TLS certificate errors will be ignored for this session
JavaScript warning: https://web.whatsapp.com/bootstrap_qr.b331bf4e2ea119ffdd12.js, line 1: unreachable code after return statement
JavaScript warning: https://web.whatsapp.com/bootstrap_qr.b331bf4e2ea119ffdd12.js, line 1: unreachable code after return statement
JavaScript warning: https://web.whatsapp.com/bootstrap_qr.b331bf4e2ea119ffdd12.js, line 1: unreachable code after return statement
JavaScript warning: https://web.whatsapp.com/bootstrap_qr.b331bf4e2ea119ffdd12.js, line 1: unreachable code after return statement
1619122155032	Marionette	INFO	Stopped listening on port 49894

###!!! [Parent][RunMessage] Error: Channel closing: too late to send/recv, messages will be lost


###!!! [Child][RunMessage] Error: Channel closing: too late to send/recv, messages will be lost

1619122219301	mozrunner::runner	INFO	Running command: "C:\\Program Files\\Mozilla Firefox\\firefox.exe" "-marionette" "-foreground" "-no-remote" "-profile" "C:\\Users\\airbox\\AppData\\Local\\Temp\\rust_mozprofile3nOo70"
JavaScript error: resource://gre/modules/XULStore.jsm, line 66: Error: Can't find profile directory.
console.warn: SearchSettings: "get: No settings file exists, new profile?" (new Error("", "(unknown module)"))
1619122225054	Marionette	INFO	Listening on port 49974
1619122225124	Marionette	WARN	TLS certificate errors will be ignored for this session
JavaScript warning: https://web.whatsapp.com/bootstrap_qr.b331bf4e2ea119ffdd12.js, line 1: unreachable code after return statement
JavaScript warning: https://web.whatsapp.com/bootstrap_qr.b331bf4e2ea119ffdd12.js, line 1: unreachable code after return statement
JavaScript warning: https://web.whatsapp.com/bootstrap_qr.b331bf4e2ea119ffdd12.js, line 1: unreachable code after return statement
JavaScript warning: https://web.whatsapp.com/bootstrap_qr.b331bf4e2ea119ffdd12.js, line 1: unreachable code after return statement
1619122273181	Marionette	INFO	Stopped listening on port 49974

###!!! [Parent][RunMessage] Error: Channel closing: too late to send/recv, messages will be lost


###!!! [Parent][RunMessage] Error: Channel closing: too late to send/recv, messages will be lost


###!!! [Parent][RunMessage] Error: Channel closing: too late to send/recv, messages will be lost


###!!! [Parent][RunMessage] Error: Channel closing: too late to send/recv, messages will be lost


###!!! [Parent][RunMessage] Error: Channel closing: too late to send/recv, messages will be lost


###!!! [Parent][RunMessage] Error: Channel closing: too late to send/recv, messages will be lost


###!!! [Child][RunMessage] Error: Channel closing: too late to send/recv, messages will be lost

1619205681443	mozrunner::runner	INFO	Running command: "C:\\Program Files\\Mozilla Firefox\\firefox.exe" "-marionette" "-foreground" "-no-remote" "-profile" "C:\\Users\\airbox\\AppData\\Local\\Temp\\rust_mozprofileQChzQL"
JavaScript error: resource://gre/modules/XULStore.jsm, line 66: Error: Can't find profile directory.
console.warn: SearchSettings: "get: No settings file exists, new profile?" (new Error("", "(unknown module)"))
1619205690353	Marionette	INFO	Listening on port 51475
1619205690610	Marionette	WARN	TLS certificate errors will be ignored for this session
JavaScript warning: https://web.whatsapp.com/bootstrap_qr.df9188bb4cd23ee53e79.js, line 1: unreachable code after return statement
JavaScript warning: https://web.whatsapp.com/bootstrap_qr.df9188bb4cd23ee53e79.js, line 1: unreachable code after return statement
JavaScript warning: https://web.whatsapp.com/bootstrap_qr.df9188bb4cd23ee53e79.js, line 1: unreachable code after return statement
JavaScript warning: https://web.whatsapp.com/bootstrap_qr.df9188bb4cd23ee53e79.js, line 1: unreachable code after return statement
JavaScript warning: https://web.whatsapp.com/bootstrap_qr.df9188bb4cd23ee53e79.js, line 1: unreachable code after return statement
JavaScript warning: https://web.whatsapp.com/bootstrap_qr.df9188bb4cd23ee53e79.js, line 1: unreachable code after return statement
JavaScript error: resource:///modules/FaviconLoader.jsm, line 596: InvalidStateError: JSWindowActorChild.sendAsyncMessage: JSWindowActorChild cannot send at the moment
JavaScript warning: https://web.whatsapp.com/bootstrap_qr.df9188bb4cd23ee53e79.js, line 1: unreachable code after return statement
JavaScript warning: https://web.whatsapp.com/bootstrap_qr.df9188bb4cd23ee53e79.js, line 1: unreachable code after return statement
[Child 13768, MediaDecoderStateMachine #1] WARNING: Decoder=13e1cef0c00 state=DECODING_METADATA Decode metadata failed, shutting down decoder: file /builds/worker/checkouts/gecko/dom/media/MediaDecoderStateMachine.cpp:366
[Child 13768, MediaDecoderStateMachine #1] WARNING: Decoder=13e1cef0c00 Decode error: NS_ERROR_DOM_MEDIA_METADATA_ERR (0x806e0006): file /builds/worker/checkouts/gecko/dom/media/MediaDecoderStateMachine.cpp:3478
[Child 13768, MediaDecoderStateMachine #1] WARNING: Decoder=13e0cfd4800 state=DECODING_METADATA Decode metadata failed, shutting down decoder: file /builds/worker/checkouts/gecko/dom/media/MediaDecoderStateMachine.cpp:366
[Child 13768, MediaDecoderStateMachine #1] WARNING: Decoder=13e0cfd4800 Decode error: NS_ERROR_DOM_MEDIA_METADATA_ERR (0x806e0006): file /builds/worker/checkouts/gecko/dom/media/MediaDecoderStateMachine.cpp:3478
1619205820722	Marionette	INFO	Stopped listening on port 51475

###!!! [Child][RunMessage] Error: Channel closing: too late to send/recv, messages will be lost

1619206340046	mozrunner::runner	INFO	Running command: "C:\\Program Files\\Mozilla Firefox\\firefox.exe" "-marionette" "-foreground" "-no-remote" "-profile" "C:\\Users\\airbox\\AppData\\Local\\Temp\\rust_mozprofilehCJ67b"
JavaScript error: resource://gre/modules/XULStore.jsm, line 66: Error: Can't find profile directory.
console.warn: SearchSettings: "get: No settings file exists, new profile?" (new Error("", "(unknown module)"))
1619206349759	Marionette	INFO	Listening on port 51579
1619206350010	Marionette	WARN	TLS certificate errors will be ignored for this session
JavaScript warning: https://web.whatsapp.com/bootstrap_qr.df9188bb4cd23ee53e79.js, line 1: unreachable code after return statement
JavaScript warning: https://web.whatsapp.com/bootstrap_qr.df9188bb4cd23ee53e79.js, line 1: unreachable code after return statement
JavaScript warning: https://web.whatsapp.com/bootstrap_qr.df9188bb4cd23ee53e79.js, line 1: unreachable code after return statement
JavaScript warning: https://web.whatsapp.com/bootstrap_qr.df9188bb4cd23ee53e79.js, line 1: unreachable code after return statement
JavaScript warning: https://web.whatsapp.com/bootstrap_qr.df9188bb4cd23ee53e79.js, line 1: unreachable code after return statement
JavaScript warning: https://web.whatsapp.com/bootstrap_qr.df9188bb4cd23ee53e79.js, line 1: unreachable code after return statement
IPDL protocol error: Handler returned error code!

###!!! [Parent][DispatchAsyncMessage] Error: PMessagePort::Msg_PostMessages Processing error: message was deserialized, but the handler returned false (indicating failure)

JavaScript warning: https://web.whatsapp.com/bootstrap_qr.df9188bb4cd23ee53e79.js, line 1: unreachable code after return statement
JavaScript warning: https://web.whatsapp.com/bootstrap_qr.df9188bb4cd23ee53e79.js, line 1: unreachable code after return statement
1619206459321	Marionette	INFO	Stopped listening on port 51579
[Parent 8716, IPC I/O Parent] WARNING: pipe error: 232: file /builds/worker/checkouts/gecko/ipc/chromium/src/chrome/common/ipc_channel_win.cc:544

###!!! [Child][RunMessage] Error: Channel closing: too late to send/recv, messages will be lost


###!!! [Child][RunMessage] Error: Channel closing: too late to send/recv, messages will be lost


###!!! [Child][RunMessage] Error: Channel closing: too late to send/recv, messages will be lost

1619385634537	mozrunner::runner	INFO	Running command: "C:\\Program Files\\Mozilla Firefox\\firefox.exe" "-marionette" "-foreground" "-no-remote" "-profile" "C:\\Users\\airbox\\AppData\\Local\\Temp\\rust_mozprofile62FNWj"
JavaScript error: resource://gre/modules/XULStore.jsm, line 66: Error: Can't find profile directory.
console.warn: SearchSettings: "get: No settings file exists, new profile?" (new Error("", "(unknown module)"))
1619385640899	Marionette	INFO	Listening on port 51759
1619385640989	Marionette	WARN	TLS certificate errors will be ignored for this session
JavaScript warning: https://web.whatsapp.com/bootstrap_qr.df9188bb4cd23ee53e79.js, line 1: unreachable code after return statement
JavaScript warning: https://web.whatsapp.com/bootstrap_qr.df9188bb4cd23ee53e79.js, line 1: unreachable code after return statement
JavaScript warning: https://web.whatsapp.com/bootstrap_qr.df9188bb4cd23ee53e79.js, line 1: unreachable code after return statement
JavaScript warning: https://web.whatsapp.com/bootstrap_qr.df9188bb4cd23ee53e79.js, line 1: unreachable code after return statement

###!!! [Parent][RunMessage] Error: Channel closing: too late to send/recv, messages will be lost

IPDL protocol error: Handler returned error code!

###!!! [Parent][DispatchAsyncMessage] Error: PMessagePort::Msg_PostMessages Processing error: message was deserialized, but the handler returned false (indicating failure)

1619385687857	Marionette	INFO	Stopped listening on port 51759
1619385693484	mozrunner::runner	INFO	Running command: "C:\\Program Files\\Mozilla Firefox\\firefox.exe" "-marionette" "-foreground" "-no-remote" "-profile" "C:\\Users\\airbox\\AppData\\Local\\Temp\\rust_mozprofiletKJmLM"
JavaScript error: resource://gre/modules/XULStore.jsm, line 66: Error: Can't find profile directory.
console.warn: SearchSettings: "get: No settings file exists, new profile?" (new Error("", "(unknown module)"))
1619385698664	Marionette	INFO	Listening on port 51823
1619385698838	Marionette	WARN	TLS certificate errors will be ignored for this session
JavaScript warning: https://web.whatsapp.com/bootstrap_qr.df9188bb4cd23ee53e79.js, line 1: unreachable code after return statement
JavaScript warning: https://web.whatsapp.com/bootstrap_qr.df9188bb4cd23ee53e79.js, line 1: unreachable code after return statement
1619385761025	Marionette	INFO	Stopped listening on port 51823

###!!! [Child][RunMessage] Error: Channel closing: too late to send/recv, messages will be lost

1619385792522	mozrunner::runner	INFO	Running command: "C:\\Program Files\\Mozilla Firefox\\firefox.exe" "-marionette" "-foreground" "-no-remote" "-profile" "C:\\Users\\airbox\\AppData\\Local\\Temp\\rust_mozprofileZT5IMB"
JavaScript error: resource://gre/modules/XULStore.jsm, line 66: Error: Can't find profile directory.
console.warn: SearchSettings: "get: No settings file exists, new profile?" (new Error("", "(unknown module)"))
1619385798449	Marionette	INFO	Listening on port 51896
1619385798881	Marionette	WARN	TLS certificate errors will be ignored for this session
JavaScript warning: https://web.whatsapp.com/bootstrap_qr.df9188bb4cd23ee53e79.js, line 1: unreachable code after return statement
JavaScript warning: https://web.whatsapp.com/bootstrap_qr.df9188bb4cd23ee53e79.js, line 1: unreachable code after return statement
1619385829156	Marionette	INFO	Stopped listening on port 51896

###!!! [Child][RunMessage] Error: Channel closing: too late to send/recv, messages will be lost

1619632380532	mozrunner::runner	INFO	Running command: "C:\\Program Files\\Mozilla Firefox\\firefox.exe" "-marionette" "-foreground" "-no-remote" "-profile" "C:\\Users\\airbox\\AppData\\Local\\Temp\\rust_mozprofilexl0YYv"
JavaScript error: resource://gre/modules/XULStore.jsm, line 66: Error: Can't find profile directory.
console.warn: SearchSettings: "get: No settings file exists, new profile?" (new Error("", "(unknown module)"))
1619632389421	Marionette	INFO	Listening on port 51850
1619632389733	Marionette	WARN	TLS certificate errors will be ignored for this session
[Child 5916, IPC I/O Child] WARNING: pipe error: 232: file /builds/worker/checkouts/gecko/ipc/chromium/src/chrome/common/ipc_channel_win.cc:544

###!!! [Child][RunMessage] Error: Channel error: cannot send/recv


###!!! [Child][RunMessage] Error: Channel error: cannot send/recv

1619632391164	Marionette	INFO	Stopped listening on port 51850

###!!! [Child][RunMessage] Error: Channel closing: too late to send/recv, messages will be lost

