1618962339655	mozrunner::runner	INFO	Running command: "C:\\Program Files\\Mozilla Firefox\\firefox.exe" "-marionette" "-foreground" "-no-remote" "-profile" "C:\\Users\\airbox\\AppData\\Local\\Temp\\rust_mozprofileSNt54G"
JavaScript error: resource://gre/modules/XULStore.jsm, line 66: Error: Can't find profile directory.
console.warn: SearchSettings: "get: No settings file exists, new profile?" (new Error("", "(unknown module)"))
1618962345488	Marionette	INFO	Listening on port 52083
1618962345976	Marionette	WARN	TLS certificate errors will be ignored for this session
JavaScript warning: https://web.whatsapp.com/bootstrap_qr.b331bf4e2ea119ffdd12.js, line 1: unreachable code after return statement
JavaScript warning: https://web.whatsapp.com/bootstrap_qr.b331bf4e2ea119ffdd12.js, line 1: unreachable code after return statement
1618962514748	Marionette	INFO	Stopped listening on port 52083

###!!! [Child][RunMessage] Error: Channel closing: too late to send/recv, messages will be lost

rs\\airbox\\AppData\\Local\\Temp\\rust_mozprofilecm3330"
JavaScript error: resource://gre/modules/XULStore.jsm, line 66: Error: Can't find profile directory.
console.warn: SearchSettings: "get: No settings file exists, new profile?" (new Error("", "(unknown module)"))
1618962360615	Marionette	INFO	Listening on port 52150
1618962360710	Marionette	WARN	TLS certificate errors will be ignored for this session
JavaScript warning: https://web.whatsapp.com/bootstrap_qr.b331bf4e2ea119ffdd12.js, line 1: unreachable code after return statement
JavaScript warning: https://web.whatsapp.com/bootstrap_qr.b331bf4e2ea119ffdd12.js, line 1: unreachable code after return statement
JavaScript error: https://web.whatsapp.com/bootstrap_qr.b331bf4e2ea119ffdd12.js, line 1: NS_ERROR_NOT_INITIALIZED: 

###!!! [Child][MessageChannel] Error: (msgtype=0xB60006,name=PWebSocket::Msg_DeleteSelf) Channel closing: too late to send/recv, messages will be lost

JavaScript error: , line 0: TypeError: ServiceWorker script at https://web.whatsapp.com/serviceworker.js for scope https://web.whatsapp.com/ encountered an error during installation.
1618962367357	Marionette	INFO	Stopped listening on port 52150

###!!! [Child][RunMessage] Error: Channel closing: too late to send/recv, messages will be lost

1618962373871	mozrunner::runner	INFO	Running command: "C:\\Program Files\\Mozilla Firefox\\firefox.exe" "-marionette" "-foreground" "-no-remote" "-profile" "C:\\Users\\airbox\\AppData\\Local\\Temp\\rust_mozprofilebyDjdF"
JavaScript error: resource://gre/modules/XULStore.jsm, line 66: Error: Can't find profile directory.
console.warn: SearchSettings: "get: No settings file exists, new profile?" (new Error("", "(unknown module)"))
1618962379183	Marionette	INFO	Listening on port 52208
1618962379233	Marionette	WARN	TLS certificate errors will be ignored for this session
JavaScript warning: https://web.whatsapp.com/bootstrap_qr.b331bf4e2ea119ffdd12.js, line 1: unreachable code after return statement
JavaScript warning: https://web.whatsapp.com/bootstrap_qr.b331bf4e2ea119ffdd12.js, line 1: unreachable code after return statement
1618962516278	Marionette	INFO	Stopped listening on port 52208

###!!! [Child][RunMessage] Error: Channel closing: too late to send/recv, messages will be lost

1618962536080	mozrunner::runner	INFO	Running command: "C:\\Program Files\\Mozilla Firefox\\firefox.exe" "-marionette" "-foreground" "-no-remote" "-profile" "C:\\Users\\airbox\\AppData\\Local\\Temp\\rust_mozprofileBb8ynH"
JavaScript error: resource://gre/modules/XULStore.jsm, line 66: Error: Can't find profile directory.
console.warn: SearchSettings: "get: No settings file exists, new profile?" (new Error("", "(unknown module)"))
1618962541403	Marionette	INFO	Listening on port 52271
1618962541922	Marionette	WARN	TLS certificate errors will be ignored for this session
JavaScript warning: https://web.whatsapp.com/bootstrap_qr.b331bf4e2ea119ffdd12.js, line 1: unreachable code after return statement
JavaScript warning: https://web.whatsapp.com/bootstrap_qr.b331bf4e2ea119ffdd12.js, line 1: unreachable code after return statement
JavaScript warning: https://web.whatsapp.com/bootstrap_qr.b331bf4e2ea119ffdd12.js, line 1: unreachable code after return statement
JavaScript warning: https://web.whatsapp.com/bootstrap_qr.b331bf4e2ea119ffdd12.js, line 1: unreachable code after return statement
1618962600228	Marionette	INFO	Stopped listening on port 52271

###!!! [Parent][RunMessage] Error: Channel closing: too late to send/recv, messages will be lost

[Parent 11748, IPC I/O Parent] WARNING: pipe error: 232: file /builds/worker/checkouts/gecko/ipc/chromium/src/chrome/common/ipc_channel_win.cc:544

###!!! [Child][RunMessage] Error: Channel closing: too late to send/recv, messages will be lost

1618964176224	mozrunner::runner	INFO	Running command: "C:\\Program Files\\Mozilla Firefox\\firefox.exe" "-marionette" "-foreground" "-no-remote" "-profile" "C:\\Users\\airbox\\AppData\\Local\\Temp\\rust_mozprofilei8Tk7p"
JavaScript error: resource://gre/modules/XULStore.jsm, line 66: Error: Can't find profile directory.
console.warn: SearchSettings: "get: No settings file exists, new profile?" (new Error("", "(unknown module)"))
1618964181719	Marionette	INFO	Listening on port 52494
1618964182089	Marionette	WARN	TLS certificate errors will be ignored for this session
JavaScript warning: https://web.whatsapp.com/bootstrap_qr.b331bf4e2ea119ffdd12.js, line 1: unreachable code after return statement
JavaScript warning: https://web.whatsapp.com/bootstrap_qr.b331bf4e2ea119ffdd12.js, line 1: unreachable code after return statement
1618964198016	Marionette	INFO	Stopped listening on port 52494

###!!! [Child][RunMessage] Error: Channel closing: too late to send/recv, messages will be lost

rs\\airbox\\AppData\\Local\\Temp\\rust_mozprofileVQ62tv"
JavaScript error: resource://gre/modules/XULStore.jsm, line 66: Error: Can't find profile directory.
console.warn: SearchSettings: "get: No settings file exists, new profile?" (new Error("", "(unknown module)"))
1618964200294	Marionette	INFO	Listening on port 52562
1618964200381	Marionette	WARN	TLS certificate errors will be ignored for this session
JavaScript warning: https://web.whatsapp.com/bootstrap_qr.b331bf4e2ea119ffdd12.js, line 1: unreachable code after return statement
JavaScript warning: https://web.whatsapp.com/bootstrap_qr.b331bf4e2ea119ffdd12.js, line 1: unreachable code after return statement
1618964223935	Marionette	INFO	Stopped listening on port 52562

###!!! [Child][RunMessage] Error: Channel closing: too late to send/recv, messages will be lost

1618964302879	mozrunner::runner	INFO	Running command: "C:\\Program Files\\Mozilla Firefox\\firefox.exe" "-marionette" "-foreground" "-no-remote" "-profile" "C:\\Users\\airbox\\AppData\\Local\\Temp\\rust_mozprofileFBANLV"
JavaScript error: resource://gre/modules/XULStore.jsm, line 66: Error: Can't find profile directory.
console.warn: SearchSettings: "get: No settings file exists, new profile?" (new Error("", "(unknown module)"))
1618964307965	Marionette	INFO	Listening on port 52629
1618964308264	Marionette	WARN	TLS certificate errors will be ignored for this session
JavaScript warning: https://web.whatsapp.com/bootstrap_qr.b331bf4e2ea119ffdd12.js, line 1: unreachable code after return statement
JavaScript warning: https://web.whatsapp.com/bootstrap_qr.b331bf4e2ea119ffdd12.js, line 1: unreachable code after return statement
1618964322346	Marionette	INFO	Stopped listening on port 52629

###!!! [Child][RunMessage] Error: Channel closing: too late to send/recv, messages will be lost

1618964327164	mozrunner::runner	INFO	Running command: "C:\\Program Files\\Mozilla Firefox\\firefox.exe" "-marionette" "-foreground" "-no-remote" "-profile" "C:\\Users\\airbox\\AppData\\Local\\Temp\\rust_mozprofilepLodsG"
JavaScript error: resource://gre/modules/XULStore.jsm, line 66: Error: Can't find profile directory.
console.warn: SearchSettings: "get: No settings file exists, new profile?" (new Error("", "(unknown module)"))
1618964333178	Marionette	INFO	Listening on port 52687
1618964333489	Marionette	WARN	TLS certificate errors will be ignored for this session
JavaScript warning: https://web.whatsapp.com/bootstrap_qr.b331bf4e2ea119ffdd12.js, line 1: unreachable code after return statement
JavaScript warning: https://web.whatsapp.com/bootstrap_qr.b331bf4e2ea119ffdd12.js, line 1: unreachable code after return statement
JavaScript error: https://web.whatsapp.com/bootstrap_qr.b331bf4e2ea119ffdd12.js, line 1: NS_ERROR_NOT_INITIALIZED: 
1618964336720	Marionette	INFO	Stopped listening on port 52687
1618964535549	mozrunner::runner	INFO	Running command: "C:\\Program Files\\Mozilla Firefox\\firefox.exe" "-marionette" "-foreground" "-no-remote" "-profile" "C:\\Users\\airbox\\AppData\\Local\\Temp\\rust_mozprofileWefYLk"
JavaScript error: resource://gre/modules/XULStore.jsm, line 66: Error: Can't find profile directory.
console.warn: SearchSettings: "get: No settings file exists, new profile?" (new Error("", "(unknown module)"))
1618964541108	Marionette	INFO	Listening on port 52778
1618964541410	Marionette	WARN	TLS certificate errors will be ignored for this session
JavaScript warning: https://web.whatsapp.com/bootstrap_qr.b331bf4e2ea119ffdd12.js, line 1: unreachable code after return statement
JavaScript warning: https://web.whatsapp.com/bootstrap_qr.b331bf4e2ea119ffdd12.js, line 1: unreachable code after return statement

###!!! [Child][RunMessage] Error: Channel closing: too late to send/recv, messages will be lost

1618964771641	Marionette	INFO	Stopped listening on port 52778

###!!! [Child][RunMessage] Error: Channel closing: too late to send/recv, messages will be lost

